2025-10-28 07:01:32,454 - app.db.database - ERROR - {"error": "Textual SQL expression 'SELECT 1' should be explicitly declared as text('SELECT 1')", "event": "Database connection test failed", "logger": "app.db.database", "level": "error", "timestamp": "2025-10-28T14:01:32.454924Z"}
2025-10-28 07:01:47,378 - sqlalchemy.engine.Engine - INFO - select pg_catalog.version()
2025-10-28 07:01:47,378 - sqlalchemy.engine.Engine - INFO - [raw sql] {}
2025-10-28 07:01:47,379 - sqlalchemy.engine.Engine - INFO - select current_schema()
2025-10-28 07:01:47,379 - sqlalchemy.engine.Engine - INFO - [raw sql] {}
2025-10-28 07:01:47,379 - sqlalchemy.engine.Engine - INFO - show standard_conforming_strings
2025-10-28 07:01:47,379 - sqlalchemy.engine.Engine - INFO - [raw sql] {}
2025-10-28 07:01:47,380 - sqlalchemy.engine.Engine - INFO - BEGIN (implicit)
2025-10-28 07:01:47,380 - sqlalchemy.engine.Engine - INFO - SELECT 1
2025-10-28 07:01:47,380 - sqlalchemy.engine.Engine - INFO - [generated in 0.00007s] {}
2025-10-28 07:01:47,380 - sqlalchemy.engine.Engine - INFO - COMMIT
2025-10-28 07:01:47,381 - app.db.database - INFO - {"event": "Database connection test successful", "logger": "app.db.database", "level": "info", "timestamp": "2025-10-28T14:01:47.381279Z"}
2025-10-28 07:01:47,385 - app.db.database - INFO - {"event": "Redis connection established", "logger": "app.db.database", "level": "info", "timestamp": "2025-10-28T14:01:47.385754Z"}
2025-10-28 07:01:47,386 - app.db.database - INFO - {"event": "Redis connection test successful", "logger": "app.db.database", "level": "info", "timestamp": "2025-10-28T14:01:47.386020Z"}
2025-10-28 07:01:47,386 - sqlalchemy.engine.Engine - INFO - BEGIN (implicit)
2025-10-28 07:01:47,386 - sqlalchemy.engine.Engine - INFO - SELECT 1
2025-10-28 07:01:47,386 - sqlalchemy.engine.Engine - INFO - [cached since 0.006151s ago] {}
2025-10-28 07:01:47,387 - sqlalchemy.engine.Engine - INFO - COMMIT
2025-10-28 07:01:47,387 - app.db.database - INFO - {"event": "Database connection test successful", "logger": "app.db.database", "level": "info", "timestamp": "2025-10-28T14:01:47.387379Z"}
2025-10-28 07:01:47,387 - app.db.database - INFO - {"event": "Redis connection test successful", "logger": "app.db.database", "level": "info", "timestamp": "2025-10-28T14:01:47.387620Z"}
